<?xml version="1.0" encoding="UTF-8"?>
<!-- Generated by org.testng.reporters.JUnitReportReporter -->
<testsuite hostname="DESKTOP-UL7JFQ0" failures="0" tests="3" name="automation.recapet.testLogin" time="0.444" errors="0" timestamp="2025-05-06T17:05:16 EEST" skipped="0">
  <testcase classname="automation.recapet.testLogin" name="loginSuccessfully" time="0.220"/>
  <system-out/>
  <testcase classname="automation.recapet.testLogin" name="navigateBack" time="0.060"/>
  <system-out/>
  <testcase classname="automation.recapet.testLogin" name="invaledLogin" time="0.164"/>
  <system-out/>
</testsuite> <!-- automation.recapet.testLogin -->
