<?xml version="1.0" encoding="UTF-8"?>
<!-- Generated by org.testng.reporters.JUnitReportReporter -->
<testsuite hostname="DESKTOP-UL7JFQ0" failures="0" tests="1" name="automation.recapet.invaledLogin" time="0.224" errors="0" timestamp="2025-05-01T14:20:39 EEST" skipped="0">
  <testcase classname="automation.recapet.invaledLogin" name="loginSuccessfully" time="0.224"/>
  <system-out/>
</testsuite> <!-- automation.recapet.invaledLogin -->
