<?xml version="1.0" encoding="UTF-8"?>
<!-- Generated by org.testng.reporters.JUnitReportReporter -->
<testsuite hostname="DESKTOP-UL7JFQ0" failures="0" tests="8" name="automation.recapet.TestcheckOutFlow" time="23.862" errors="0" timestamp="2025-05-06T17:05:16 EEST" skipped="0">
  <testcase classname="automation.recapet.TestcheckOutFlow" name="loginSuccessfully" time="0.193"/>
  <system-out/>
  <testcase classname="automation.recapet.TestcheckOutFlow" name="sorting" time="5.111"/>
  <system-out/>
  <testcase classname="automation.recapet.TestcheckOutFlow" name="productAdded" time="9.087"/>
  <system-out/>
  <testcase classname="automation.recapet.TestcheckOutFlow" name="navigateToCart" time="0.103"/>
  <system-out/>
  <testcase classname="automation.recapet.TestcheckOutFlow" name="fillInformation" time="9.295"/>
  <system-out/>
  <testcase classname="automation.recapet.TestcheckOutFlow" name="scrollDown" time="0.006"/>
  <system-out/>
  <testcase classname="automation.recapet.TestcheckOutFlow" name="completeOrder" time="0.047"/>
  <system-out/>
  <testcase classname="automation.recapet.TestcheckOutFlow" name="ConfirmationTheOrder" time="0.020"/>
  <system-out/>
</testsuite> <!-- automation.recapet.TestcheckOutFlow -->
