<?xml version="1.0" encoding="UTF-8"?>
<!-- Generated by org.testng.reporters.JUnitReportReporter -->
<testsuite hostname="DESKTOP-UL7JFQ0" failures="0" tests="7" name="automation.recapet.testCart" time="9.603" errors="0" timestamp="2025-05-06T17:05:16 EEST" skipped="0">
  <testcase classname="automation.recapet.testCart" name="loginSuccessfully" time="0.202"/>
  <system-out/>
  <testcase classname="automation.recapet.testCart" name="sorting" time="0.108"/>
  <system-out/>
  <testcase classname="automation.recapet.testCart" name="productAdded" time="9.106"/>
  <system-out/>
  <testcase classname="automation.recapet.testCart" name="navigateToCart" time="0.084"/>
  <system-out/>
  <testcase classname="automation.recapet.testCart" name="bothProductAppearCorrect" time="0.038"/>
  <system-out/>
  <testcase classname="automation.recapet.testCart" name="checkCartCount" time="0.014"/>
  <system-out/>
  <testcase classname="automation.recapet.testCart" name="clickOnCheckOut" time="0.051"/>
  <system-out/>
</testsuite> <!-- automation.recapet.testCart -->
