<?xml version="1.0" encoding="UTF-8"?>
<!-- Generated by org.testng.reporters.JUnitReportReporter -->
<testsuite hostname="DESKTOP-UL7JFQ0" failures="0" tests="3" name="automation.recapet.inventoryTest" time="4.436" errors="0" timestamp="2025-05-06T17:05:16 EEST" skipped="0">
  <testcase classname="automation.recapet.inventoryTest" name="loginSuccessfully" time="0.210"/>
  <system-out/>
  <testcase classname="automation.recapet.inventoryTest" name="sorting" time="0.121"/>
  <system-out/>
  <testcase classname="automation.recapet.inventoryTest" name="productAdded" time="4.105"/>
  <system-out/>
</testsuite> <!-- automation.recapet.inventoryTest -->
